1682262925.805507 client started (24082): version 3.2a, socket /tmp/tmux-1000/default, protocol 8
1682262925.805548 on Linux 5.15.90.1-microsoft-standard-WSL2 #1 SMP Fri Jan 27 02:56:13 UTC 2023
1682262925.805552 using libevent 2.1.12-stable (poll); ncurses 6.3
1682262925.805571 flags are 0x18010000
1682262925.805574 socket is /tmp/tmux-1000/default
1682262925.805585 trying connect
1682262925.805598 connect failed: Connection refused
1682262925.805607 lock file is /tmp/tmux-1000/default.lock
1682262925.805637 flock succeeded
1682262925.805640 got lock (6)
1682262925.805643 trying connect
1682262925.805648 connect failed: Connection refused
1682262925.805947 add peer 0x55ed016d8a00: 7 ((nil))
1682262925.806481 sending message 100 to peer 0x55ed016d8a00 (4 bytes)
1682262925.806491 sending message 111 to peer 0x55ed016d8a00 (8 bytes)
1682262925.806495 sending message 101 to peer 0x55ed016d8a00 (15 bytes)
1682262925.806498 sending message 109 to peer 0x55ed016d8a00 (4 bytes)
1682262925.806501 sending message 102 to peer 0x55ed016d8a00 (11 bytes)
1682262925.806504 sending message 108 to peer 0x55ed016d8a00 (56 bytes)
1682262925.806507 sending message 112 to peer 0x55ed016d8a00 (58 bytes)
1682262925.806510 sending message 112 to peer 0x55ed016d8a00 (5 bytes)
1682262925.806513 sending message 112 to peer 0x55ed016d8a00 (5 bytes)
1682262925.806516 sending message 112 to peer 0x55ed016d8a00 (6 bytes)
1682262925.806519 sending message 112 to peer 0x55ed016d8a00 (6 bytes)
1682262925.806524 sending message 112 to peer 0x55ed016d8a00 (11 bytes)
1682262925.806527 sending message 112 to peer 0x55ed016d8a00 (10 bytes)
1682262925.806530 sending message 112 to peer 0x55ed016d8a00 (13 bytes)
1682262925.806533 sending message 112 to peer 0x55ed016d8a00 (14 bytes)
1682262925.806536 sending message 112 to peer 0x55ed016d8a00 (19 bytes)
1682262925.806539 sending message 112 to peer 0x55ed016d8a00 (11 bytes)
1682262925.806542 sending message 112 to peer 0x55ed016d8a00 (10 bytes)
1682262925.806545 sending message 112 to peer 0x55ed016d8a00 (15 bytes)
1682262925.806548 sending message 112 to peer 0x55ed016d8a00 (21 bytes)
1682262925.806551 sending message 112 to peer 0x55ed016d8a00 (13 bytes)
1682262925.806554 sending message 112 to peer 0x55ed016d8a00 (7 bytes)
1682262925.806557 sending message 112 to peer 0x55ed016d8a00 (13 bytes)
1682262925.806560 sending message 112 to peer 0x55ed016d8a00 (7 bytes)
1682262925.806562 sending message 112 to peer 0x55ed016d8a00 (13 bytes)
1682262925.806566 sending message 112 to peer 0x55ed016d8a00 (9 bytes)
1682262925.806569 sending message 112 to peer 0x55ed016d8a00 (21 bytes)
1682262925.806572 sending message 112 to peer 0x55ed016d8a00 (13 bytes)
1682262925.806575 sending message 112 to peer 0x55ed016d8a00 (9 bytes)
1682262925.806578 sending message 112 to peer 0x55ed016d8a00 (16 bytes)
1682262925.806582 sending message 112 to peer 0x55ed016d8a00 (13 bytes)
1682262925.806585 sending message 112 to peer 0x55ed016d8a00 (9 bytes)
1682262925.806588 sending message 112 to peer 0x55ed016d8a00 (9 bytes)
1682262925.806590 sending message 112 to peer 0x55ed016d8a00 (12 bytes)
1682262925.806593 sending message 112 to peer 0x55ed016d8a00 (8 bytes)
1682262925.806596 sending message 112 to peer 0x55ed016d8a00 (8 bytes)
1682262925.806599 sending message 112 to peer 0x55ed016d8a00 (13 bytes)
1682262925.806602 sending message 112 to peer 0x55ed016d8a00 (7 bytes)
1682262925.806605 sending message 112 to peer 0x55ed016d8a00 (7 bytes)
1682262925.806608 sending message 112 to peer 0x55ed016d8a00 (9 bytes)
1682262925.806611 sending message 112 to peer 0x55ed016d8a00 (9 bytes)
1682262925.806614 sending message 112 to peer 0x55ed016d8a00 (15 bytes)
1682262925.806616 sending message 112 to peer 0x55ed016d8a00 (13 bytes)
1682262925.806619 sending message 112 to peer 0x55ed016d8a00 (12 bytes)
1682262925.806622 sending message 112 to peer 0x55ed016d8a00 (8 bytes)
1682262925.806625 sending message 112 to peer 0x55ed016d8a00 (14 bytes)
1682262925.806628 sending message 112 to peer 0x55ed016d8a00 (11 bytes)
1682262925.806631 sending message 112 to peer 0x55ed016d8a00 (9 bytes)
1682262925.806642 sending message 112 to peer 0x55ed016d8a00 (10 bytes)
1682262925.806645 sending message 112 to peer 0x55ed016d8a00 (10 bytes)
1682262925.806648 sending message 112 to peer 0x55ed016d8a00 (10 bytes)
1682262925.806651 sending message 112 to peer 0x55ed016d8a00 (10 bytes)
1682262925.806653 sending message 112 to peer 0x55ed016d8a00 (11 bytes)
1682262925.806656 sending message 112 to peer 0x55ed016d8a00 (12 bytes)
1682262925.806659 sending message 112 to peer 0x55ed016d8a00 (12 bytes)
1682262925.806662 sending message 112 to peer 0x55ed016d8a00 (12 bytes)
1682262925.806665 sending message 112 to peer 0x55ed016d8a00 (12 bytes)
1682262925.806668 sending message 112 to peer 0x55ed016d8a00 (12 bytes)
1682262925.806671 sending message 112 to peer 0x55ed016d8a00 (11 bytes)
1682262925.806674 sending message 112 to peer 0x55ed016d8a00 (11 bytes)
1682262925.806677 sending message 112 to peer 0x55ed016d8a00 (12 bytes)
1682262925.806680 sending message 112 to peer 0x55ed016d8a00 (12 bytes)
1682262925.806683 sending message 112 to peer 0x55ed016d8a00 (12 bytes)
1682262925.806685 sending message 112 to peer 0x55ed016d8a00 (12 bytes)
1682262925.806688 sending message 112 to peer 0x55ed016d8a00 (12 bytes)
1682262925.806691 sending message 112 to peer 0x55ed016d8a00 (9 bytes)
1682262925.806694 sending message 112 to peer 0x55ed016d8a00 (12 bytes)
1682262925.806697 sending message 112 to peer 0x55ed016d8a00 (13 bytes)
1682262925.806700 sending message 112 to peer 0x55ed016d8a00 (13 bytes)
1682262925.806703 sending message 112 to peer 0x55ed016d8a00 (13 bytes)
1682262925.806706 sending message 112 to peer 0x55ed016d8a00 (13 bytes)
1682262925.806709 sending message 112 to peer 0x55ed016d8a00 (13 bytes)
1682262925.806712 sending message 112 to peer 0x55ed016d8a00 (8 bytes)
1682262925.806716 sending message 112 to peer 0x55ed016d8a00 (11 bytes)
1682262925.806719 sending message 112 to peer 0x55ed016d8a00 (11 bytes)
1682262925.806724 sending message 112 to peer 0x55ed016d8a00 (11 bytes)
1682262925.806728 sending message 112 to peer 0x55ed016d8a00 (12 bytes)
1682262925.806731 sending message 112 to peer 0x55ed016d8a00 (12 bytes)
1682262925.806734 sending message 112 to peer 0x55ed016d8a00 (12 bytes)
1682262925.806737 sending message 112 to peer 0x55ed016d8a00 (12 bytes)
1682262925.806744 sending message 112 to peer 0x55ed016d8a00 (13 bytes)
1682262925.806749 sending message 112 to peer 0x55ed016d8a00 (13 bytes)
1682262925.806752 sending message 112 to peer 0x55ed016d8a00 (13 bytes)
1682262925.806755 sending message 112 to peer 0x55ed016d8a00 (8 bytes)
1682262925.806759 sending message 112 to peer 0x55ed016d8a00 (13 bytes)
1682262925.806762 sending message 112 to peer 0x55ed016d8a00 (13 bytes)
1682262925.806766 sending message 112 to peer 0x55ed016d8a00 (13 bytes)
1682262925.806769 sending message 112 to peer 0x55ed016d8a00 (13 bytes)
1682262925.806773 sending message 112 to peer 0x55ed016d8a00 (13 bytes)
1682262925.806777 sending message 112 to peer 0x55ed016d8a00 (12 bytes)
1682262925.806780 sending message 112 to peer 0x55ed016d8a00 (12 bytes)
1682262925.806783 sending message 112 to peer 0x55ed016d8a00 (12 bytes)
1682262925.806786 sending message 112 to peer 0x55ed016d8a00 (12 bytes)
1682262925.806790 sending message 112 to peer 0x55ed016d8a00 (13 bytes)
1682262925.806793 sending message 112 to peer 0x55ed016d8a00 (8 bytes)
1682262925.806796 sending message 112 to peer 0x55ed016d8a00 (13 bytes)
1682262925.806799 sending message 112 to peer 0x55ed016d8a00 (13 bytes)
1682262925.806803 sending message 112 to peer 0x55ed016d8a00 (13 bytes)
1682262925.806807 sending message 112 to peer 0x55ed016d8a00 (13 bytes)
1682262925.806810 sending message 112 to peer 0x55ed016d8a00 (13 bytes)
1682262925.806814 sending message 112 to peer 0x55ed016d8a00 (13 bytes)
1682262925.806817 sending message 112 to peer 0x55ed016d8a00 (13 bytes)
1682262925.806821 sending message 112 to peer 0x55ed016d8a00 (12 bytes)
1682262925.806824 sending message 112 to peer 0x55ed016d8a00 (12 bytes)
1682262925.806827 sending message 112 to peer 0x55ed016d8a00 (12 bytes)
1682262925.806834 sending message 112 to peer 0x55ed016d8a00 (8 bytes)
1682262925.806837 sending message 112 to peer 0x55ed016d8a00 (12 bytes)
1682262925.806841 sending message 112 to peer 0x55ed016d8a00 (13 bytes)
1682262925.806844 sending message 112 to peer 0x55ed016d8a00 (13 bytes)
1682262925.806847 sending message 112 to peer 0x55ed016d8a00 (13 bytes)
1682262925.806851 sending message 112 to peer 0x55ed016d8a00 (13 bytes)
1682262925.806855 sending message 112 to peer 0x55ed016d8a00 (13 bytes)
1682262925.806859 sending message 112 to peer 0x55ed016d8a00 (13 bytes)
1682262925.806862 sending message 112 to peer 0x55ed016d8a00 (13 bytes)
1682262925.806866 sending message 112 to peer 0x55ed016d8a00 (13 bytes)
1682262925.806869 sending message 112 to peer 0x55ed016d8a00 (12 bytes)
1682262925.806872 sending message 112 to peer 0x55ed016d8a00 (10 bytes)
1682262925.806876 sending message 112 to peer 0x55ed016d8a00 (12 bytes)
1682262925.806879 sending message 112 to peer 0x55ed016d8a00 (12 bytes)
1682262925.806882 sending message 112 to peer 0x55ed016d8a00 (12 bytes)
1682262925.806885 sending message 112 to peer 0x55ed016d8a00 (13 bytes)
1682262925.806889 sending message 112 to peer 0x55ed016d8a00 (13 bytes)
1682262925.806892 sending message 112 to peer 0x55ed016d8a00 (13 bytes)
1682262925.806895 sending message 112 to peer 0x55ed016d8a00 (13 bytes)
1682262925.806899 sending message 112 to peer 0x55ed016d8a00 (13 bytes)
1682262925.806902 sending message 112 to peer 0x55ed016d8a00 (13 bytes)
1682262925.806905 sending message 112 to peer 0x55ed016d8a00 (13 bytes)
1682262925.806908 sending message 112 to peer 0x55ed016d8a00 (10 bytes)
1682262925.806912 sending message 112 to peer 0x55ed016d8a00 (13 bytes)
1682262925.806915 sending message 112 to peer 0x55ed016d8a00 (12 bytes)
1682262925.806918 sending message 112 to peer 0x55ed016d8a00 (12 bytes)
1682262925.806922 sending message 112 to peer 0x55ed016d8a00 (12 bytes)
1682262925.806925 sending message 112 to peer 0x55ed016d8a00 (10 bytes)
1682262925.806928 sending message 112 to peer 0x55ed016d8a00 (10 bytes)
1682262925.806934 sending message 112 to peer 0x55ed016d8a00 (10 bytes)
1682262925.806938 sending message 112 to peer 0x55ed016d8a00 (12 bytes)
1682262925.806941 sending message 112 to peer 0x55ed016d8a00 (13 bytes)
1682262925.806945 sending message 112 to peer 0x55ed016d8a00 (13 bytes)
1682262925.806948 sending message 112 to peer 0x55ed016d8a00 (13 bytes)
1682262925.806953 sending message 112 to peer 0x55ed016d8a00 (13 bytes)
1682262925.806957 sending message 112 to peer 0x55ed016d8a00 (13 bytes)
1682262925.806960 sending message 112 to peer 0x55ed016d8a00 (10 bytes)
1682262925.806963 sending message 112 to peer 0x55ed016d8a00 (11 bytes)
1682262925.806966 sending message 112 to peer 0x55ed016d8a00 (12 bytes)
1682262925.806969 sending message 112 to peer 0x55ed016d8a00 (12 bytes)
1682262925.806972 sending message 112 to peer 0x55ed016d8a00 (12 bytes)
1682262925.806976 sending message 112 to peer 0x55ed016d8a00 (12 bytes)
1682262925.806979 sending message 112 to peer 0x55ed016d8a00 (12 bytes)
1682262925.806982 sending message 112 to peer 0x55ed016d8a00 (11 bytes)
1682262925.806986 sending message 112 to peer 0x55ed016d8a00 (12 bytes)
1682262925.806989 sending message 112 to peer 0x55ed016d8a00 (12 bytes)
1682262925.806993 sending message 112 to peer 0x55ed016d8a00 (13 bytes)
1682262925.806997 sending message 112 to peer 0x55ed016d8a00 (13 bytes)
1682262925.807000 sending message 112 to peer 0x55ed016d8a00 (13 bytes)
1682262925.807004 sending message 112 to peer 0x55ed016d8a00 (13 bytes)
1682262925.807007 sending message 112 to peer 0x55ed016d8a00 (13 bytes)
1682262925.807010 sending message 112 to peer 0x55ed016d8a00 (10 bytes)
1682262925.807014 sending message 112 to peer 0x55ed016d8a00 (9 bytes)
1682262925.807017 sending message 112 to peer 0x55ed016d8a00 (12 bytes)
1682262925.807021 sending message 112 to peer 0x55ed016d8a00 (13 bytes)
1682262925.807024 sending message 112 to peer 0x55ed016d8a00 (13 bytes)
1682262925.807027 sending message 112 to peer 0x55ed016d8a00 (13 bytes)
1682262925.807034 sending message 112 to peer 0x55ed016d8a00 (13 bytes)
1682262925.807037 sending message 112 to peer 0x55ed016d8a00 (13 bytes)
1682262925.807040 sending message 112 to peer 0x55ed016d8a00 (9 bytes)
1682262925.807044 sending message 112 to peer 0x55ed016d8a00 (12 bytes)
1682262925.807047 sending message 112 to peer 0x55ed016d8a00 (13 bytes)
1682262925.807050 sending message 112 to peer 0x55ed016d8a00 (13 bytes)
1682262925.807053 sending message 112 to peer 0x55ed016d8a00 (13 bytes)
1682262925.807056 sending message 112 to peer 0x55ed016d8a00 (13 bytes)
1682262925.807059 sending message 112 to peer 0x55ed016d8a00 (13 bytes)
1682262925.807062 sending message 112 to peer 0x55ed016d8a00 (11 bytes)
1682262925.807065 sending message 112 to peer 0x55ed016d8a00 (12 bytes)
1682262925.807068 sending message 112 to peer 0x55ed016d8a00 (13 bytes)
1682262925.807071 sending message 112 to peer 0x55ed016d8a00 (13 bytes)
1682262925.807075 sending message 112 to peer 0x55ed016d8a00 (13 bytes)
1682262925.807078 sending message 112 to peer 0x55ed016d8a00 (13 bytes)
1682262925.807081 sending message 112 to peer 0x55ed016d8a00 (13 bytes)
1682262925.807085 sending message 112 to peer 0x55ed016d8a00 (11 bytes)
1682262925.807088 sending message 112 to peer 0x55ed016d8a00 (12 bytes)
1682262925.807091 sending message 112 to peer 0x55ed016d8a00 (12 bytes)
1682262925.807094 sending message 112 to peer 0x55ed016d8a00 (12 bytes)
1682262925.807098 sending message 112 to peer 0x55ed016d8a00 (12 bytes)
1682262925.807101 sending message 112 to peer 0x55ed016d8a00 (12 bytes)
1682262925.807105 sending message 112 to peer 0x55ed016d8a00 (21 bytes)
1682262925.807109 sending message 112 to peer 0x55ed016d8a00 (12 bytes)
1682262925.807113 sending message 112 to peer 0x55ed016d8a00 (9 bytes)
1682262925.807116 sending message 112 to peer 0x55ed016d8a00 (6 bytes)
1682262925.807120 sending message 112 to peer 0x55ed016d8a00 (13 bytes)
1682262925.807123 sending message 112 to peer 0x55ed016d8a00 (10 bytes)
1682262925.807126 sending message 112 to peer 0x55ed016d8a00 (24 bytes)
1682262925.807129 sending message 112 to peer 0x55ed016d8a00 (13 bytes)
1682262925.807133 sending message 112 to peer 0x55ed016d8a00 (9 bytes)
1682262925.807136 sending message 112 to peer 0x55ed016d8a00 (70 bytes)
1682262925.807139 sending message 112 to peer 0x55ed016d8a00 (69 bytes)
1682262925.807142 sending message 112 to peer 0x55ed016d8a00 (12 bytes)
1682262925.807146 sending message 112 to peer 0x55ed016d8a00 (10 bytes)
1682262925.807149 sending message 112 to peer 0x55ed016d8a00 (10 bytes)
1682262925.807152 sending message 112 to peer 0x55ed016d8a00 (24 bytes)
1682262925.807155 sending message 112 to peer 0x55ed016d8a00 (13 bytes)
1682262925.807160 sending message 112 to peer 0x55ed016d8a00 (10 bytes)
1682262925.807164 sending message 112 to peer 0x55ed016d8a00 (10 bytes)
1682262925.807168 sending message 112 to peer 0x55ed016d8a00 (10 bytes)
1682262925.807173 sending message 112 to peer 0x55ed016d8a00 (13 bytes)
1682262925.807177 sending message 112 to peer 0x55ed016d8a00 (15 bytes)
1682262925.807181 sending message 112 to peer 0x55ed016d8a00 (5 bytes)
1682262925.807185 sending message 104 to peer 0x55ed016d8a00 (0 bytes)
1682262925.807189 sending message 110 to peer 0x55ed016d8a00 (0 bytes)
1682262925.807194 sending message 107 to peer 0x55ed016d8a00 (4 bytes)
1682262925.807197 sending message 105 to peer 0x55ed016d8a00 (16 bytes)
1682262925.807200 sending message 105 to peer 0x55ed016d8a00 (24 bytes)
1682262925.807204 sending message 105 to peer 0x55ed016d8a00 (48 bytes)
1682262925.807207 sending message 105 to peer 0x55ed016d8a00 (7 bytes)
1682262925.807210 sending message 105 to peer 0x55ed016d8a00 (29 bytes)
1682262925.807214 sending message 105 to peer 0x55ed016d8a00 (21 bytes)
1682262925.807217 sending message 105 to peer 0x55ed016d8a00 (60 bytes)
1682262925.807220 sending message 105 to peer 0x55ed016d8a00 (19 bytes)
1682262925.807223 sending message 105 to peer 0x55ed016d8a00 (51 bytes)
1682262925.807227 sending message 105 to peer 0x55ed016d8a00 (15 bytes)
1682262925.807233 sending message 105 to peer 0x55ed016d8a00 (109 bytes)
1682262925.807237 sending message 105 to peer 0x55ed016d8a00 (22 bytes)
1682262925.807240 sending message 105 to peer 0x55ed016d8a00 (13 bytes)
1682262925.807243 sending message 105 to peer 0x55ed016d8a00 (35 bytes)
1682262925.807250 sending message 105 to peer 0x55ed016d8a00 (1519 bytes)
1682262925.807263 sending message 105 to peer 0x55ed016d8a00 (26 bytes)
1682262925.807267 sending message 105 to peer 0x55ed016d8a00 (30 bytes)
1682262925.807270 sending message 105 to peer 0x55ed016d8a00 (34 bytes)
1682262925.807273 sending message 105 to peer 0x55ed016d8a00 (20 bytes)
1682262925.807276 sending message 105 to peer 0x55ed016d8a00 (11 bytes)
1682262925.807279 sending message 105 to peer 0x55ed016d8a00 (32 bytes)
1682262925.807282 sending message 105 to peer 0x55ed016d8a00 (16 bytes)
1682262925.807284 sending message 105 to peer 0x55ed016d8a00 (14 bytes)
1682262925.807288 sending message 105 to peer 0x55ed016d8a00 (11 bytes)
1682262925.807291 sending message 105 to peer 0x55ed016d8a00 (8 bytes)
1682262925.807295 sending message 105 to peer 0x55ed016d8a00 (56 bytes)
1682262925.807298 sending message 105 to peer 0x55ed016d8a00 (38 bytes)
1682262925.807302 sending message 105 to peer 0x55ed016d8a00 (23 bytes)
1682262925.807305 sending message 105 to peer 0x55ed016d8a00 (31 bytes)
1682262925.807308 sending message 105 to peer 0x55ed016d8a00 (65 bytes)
1682262925.807312 sending message 105 to peer 0x55ed016d8a00 (684 bytes)
1682262925.807319 sending message 105 to peer 0x55ed016d8a00 (16 bytes)
1682262925.807322 sending message 105 to peer 0x55ed016d8a00 (43 bytes)
1682262925.807326 sending message 105 to peer 0x55ed016d8a00 (40 bytes)
1682262925.807329 sending message 105 to peer 0x55ed016d8a00 (93 bytes)
1682262925.807332 sending message 105 to peer 0x55ed016d8a00 (16 bytes)
1682262925.807336 sending message 106 to peer 0x55ed016d8a00 (0 bytes)
1682262925.807342 sending message 200 to peer 0x55ed016d8a00 (4 bytes)
1682262925.807346 client loop enter
1682262925.807392 client_signal: Child exited
1682262925.856405 peer 0x55ed016d8a00 message 207
1682262925.856432 sending message 208 to peer 0x55ed016d8a00 (0 bytes)
1682262925.876624 peer 0x55ed016d8a00 message 203
1682262925.876652 sending message 205 to peer 0x55ed016d8a00 (0 bytes)
1682262925.877262 peer 0x55ed016d8a00 message 204
1682262925.877287 client loop exit
